_$0
다_1
영화2
는_3
이_4
고_5
_영6
도_7
가_8
_이9
의_10
은_11
에_12
게_13
을_14
서_15
ㅋㅋ16
_아17
한_18
지_19
로_20
_그21
화_22
요_23
_보24
데_25
만_26
_재27
를_28
다$29
니다30
는데31
나_32
면_33
너무34
재미35
_나36
_하37
_다38
_없39
_좋40
_정41
하고42
_있43
_사44
정말45
_연46
_너47
으로48
_감49
말_50
지만51
하는52
$이53
무_54
기_55
_어56
네요57
재밌58
_안59
_지60
연기61
_만62
_내63
진짜64
_진65
_시66
_한67
에서68
_스69
_가70
_171
_최72
_봤73
음_74
라_75
짜_76
보고77
리_78
_ㅋ79
_기80
_대81
최고82
과_83
화$84
_전85
_수86
평점87
_모88
니_89
어요90
이런91
_무92
생각93
_생94
히_95
_평96
_마97
_잘98
하다99
_않100
ㅋ$101
들_102
보다103
_여104
스토105
습니106
인_107
_주108
드라109
토리110
_더111
이다112
점_113
네_114
라마115
배우116
수_117
아_118
아니119
하지120
와_121
거_122
있는123
없는124
_드125
사람126
건_127
들이128
_인129
감동130
_배131
요$132
던_133
_말134
런_135
_같136
보는137
_제138
_못139
_개140
없다141
_자142
까지143
하게144
시_145
_왜146
지루147
$아148
야_149
_오150
운_151
_느152
_남153
ㅠㅠ154
_본155
이라156
미있157
_알158
만들159
내용160
10161
감독162
화를163
$재164
그냥165
다는166
어_167
시간168
_것169
_소170
었다171
화가172
_볼173
냥_174
_미175
미없176
_비177
해_178
더_179
화는180
_유181
까_182
ㅋ_183
_많184
하나185
전_186
레기187
_작188
마_189
왜_190
쓰레191
_장192
_일193
내_194
사랑195
같은196
해서197
면서198
_부199
_쓰200
라고201
좋아202
본_203
봤는204
좀_205
_2206
_해207
_공208
_중209
_끝210
$정211
점이212
적인213
좋은214
다시215
_우216
나오217
_별218
렇게219
_조220
리고221
_뭐222
냐_223
이거224
으면225
때_226
이야227
_좀228
보면229
할_230
다가231
듯_232
작품233
_애234
_되235
$진236
있다237
0점238
라는239
정도240
_ㅠ241
랑_242
한다243
ㅎㅎ244
이건245
마지246
_저247
자_248
지막249
대_250
$영251
_웃252
액션253
진_254
것_255
_봐256
그_257
걸_258
난_259
지는260
_고261
입니262
잘_263
_싶264
_명265
완전266
$그267
기대268
_반269
_참270
다고271
_역272
고의273
내가274
든_275
_완276
적이277
_거278
좋았279
$내280
들어281
되는282
터_283
장면284
_눈285
음$286
_결287
들의288
그리289
우들290
_바291
아깝292
했다293
_상294
_매295
_예296
처음297
_신298
OO299
주인300
이렇301
작_302
없고303
_실304
간_305
인공306
있었307
하면308
주는309
지금310
는거311
함_312
이게313
모르314
말이315
_살316
_불317
스_318
한국319
_3320
장_321
최악322
1점323
는게324
_의325
느낌326
$어327
았다328
야기329
중_330
별로331
_처332
어서333
나는334
_노335
봐도336
_할337
이해338
기가339
아이340
ㅠ$341
고싶342
임_343
_액344
있어345
_때346
그래347
이나348
인데349
_넘350
$1351
세요352
_ㅎ353
이상354
리는355
연출356
_했357
겠다358
아까359
기도360
지도361
우_362
참_363
부터364
_죽365
들은366
는지367
명작368
_몰369
_코370
적으371
만든372
역시373
_추374
합니375
여자376
에게377
_후378
화라379
$최380
미_381
대로382
루하383
_도384
이지385
이영386
기억387
$너388
ㅡㅡ389
_성390
많이391
밌게392
우리393
없이394
이고395
그런396
_또397
깝다398
$평399
상_400
_원401
리가402
하네403
며_404
_ㅡ405
_현406
$_407
없어408
괜찮409
것도410
_괜411
_위412
여주413
_강414
네$415
_허416
람들417
아닌418
기는419
_분420
_관421
일_422
가는423
화에424
금_425
_극426
_멋427
보기428
ㅎ$429
같다430
때문431
_들432
들었433
_짜434
래_435
오는436
_돈437
00438
줄_439
_세440
보여441
_따442
봤다443
안_444
다른445
아름446
엔_447
_구448
_난449
마음450
대한451
다면452
공포453
었는454
내내455
된_456
_화457
현실458
다니459
_심460
$지461
적_462
작이463
이었464
_동465
화다466
나도467
ㅠ_468
_두469
기에470
것이471
제_472
주_473
무슨474
_로475
유치476
문에477
은데478
아요479
결말480
국_481
_캐482
전개483
없음484
_김485
인생486
남자487
는것488
일본489
_에490
안되491
는건492
$보493
중에494
아서495
$나496
아무497
소재498
준_499
하기500
않는501
_특502
있게503
번_504
_뭔505
화의506
볼만507
짜증508
드는509
0년510
애니511
동적512
라도513
_당514
_발515
수준516
막_517
반전518
만에519
그렇520
몰입521
기를522
필요523
한번524
했는525
이네526
$감527
음악528
인지529
가장530
두_531
스릴532
_음533
_잼534
보지535
20536
_꼭537
_초538
싶다539
였다540
을까541
슨_542
ㅡ_543
록_544
용_545
_막546
눈물547
지않548
아하549
영상550
주고551
화인552
$오553
$시554
재밋555
_울556
인가557
른_558
$스559
여_560
매력561
_표562
체_563
가슴564
인간565
많은566
_차567
또_568
_필569
원작570
$한571
_귀572
님_573
뭐_574
_슬575
_엄576
없었577
_줄578
단_579
_설580
이들581
다운582
나라583
_힘584
만드585
_망586
린_587
_요588
럼_589
는다590
긴_591
_O592
$전593
지마594
꼭_595
_단596
$마597
극장598
나온599
_졸600
르겠601
저_602
_포603
여운604
니까605
_점606
나서607
구_608
못하609
래도610
화보611
구나612
음이613
드_614
좋다615
고$616
어지617
ㅜㅜ618
스럽619
코미620
미디621
$여622
싶은623
_빠624
$별625
_낮626
솔직627
간이628
_잔629
_속630
않고631
_걸632
개_633
$다634
밌다635
추천636
가지637
처럼638
_맞639
_얼640
_과641
란_642
_흥643
니라644
_존645
_절646
있고647
억지648
_높649
이제650
아주651
더라652
모든653
_서654
밌어655
디_656
같아657
_선658
아직659
된다660
만한661
대박662
리즈663
릭터664
려고665
끝까666
소리667
_누668
자체669
대체670
화였671
_계672
름다673
분_674
밌었675
실망676
볼_677
용이678
션_679
러_680
었던681
했던682
길_683
거리684
스러685
캐릭686
성_687
보이688
부분689
_박690
각하691
는영692
오_693
리도694
지고695
생_696
_근697
_충698
막장699
있을700
전에701
정_702
었어703
속_704
에는705
_5706
_적707
_방708
_리709
수가710
_4711
밖에712
봐야713
이는714
개봉715
직히716
보니717
뭔가718
가족719
알았720
_건721
_듯722
사_723
없네724
_집725
스트726
시리727
모두728
대사729
서도730
_긴731
지$732
건지733
_뻔734
중간735
감_736
$제737
메이738
않은739
기력740
_게741
트_742
넘_743
이랑744
_억745
전혀746
시나747
려_748
화로749
_짱750
_돌751
듯$752
이없753
까운754
만하755
보게756
들을757
악의758
_라759
화중760
$개761
잼있762
근데763
동_764
애들765
공감766
자들767
남는768
라면769
_찾770
독이771
었음772
름_773
품_774
수있775
긴장776
독_777
신_778
혀_779
모습780
떨어781
_순782
$우783
해도784
어떻785
엄청786
미도787
이가788
표현789
무리790
스터791
_받792
$사793
$완794
$기795
점은796
준다797
_편798
이걸799
할수800
계속801
분들802
해주803
나와804
제목805
_머806
대단807
_피808
$역809
_욕810
만큼811
_8812
치_813
_9814
떻게815
어이816
_행817
선_818
_문819
_찍820
같이821
물_822
람이823
그러824
_ㅜ825
국영826
미가827
용도828
년_829
니고830
작가831
악_832
웃기833
타임834
죠_835
_새836
어디837
_7838
알바839
자기840
진심841
함$842
이유843
점을844
기분845
아쉽846
라$847
밌는848
_몇849
ㅡ$850
력_851
것같852
수록853
_외854
릴러855
점도856
겠지857
난다858
봤습859
흥미860
_열861
해야862
_된863
성이864
에도865
러운866
을때867
잔잔868
았는869
$가870
나왔871
들도872
정신873
ㅎ_874
_떨875
_경876
스타877
력이878
_간879
분이880
$무881
_와882
_준883
아쉬884
친구885
고있886
질_887
로도888
_파889
봤어890
_먹891
어야892
리스893
_치894
_버895
_언896
_프897
기$898
_올899
개인900
심_901
조금902
리나903
시대904
$난905
$유906
$좋907
씨_908
어도909
공_910
별_911
요즘912
제작913
않았914
장감915
부족916
점수917
$ㅋ918
던데919
기다920
_놀921
끝나922
_출923
제대924
_갈925
_함926
느껴927
_달928
노래929
_딱930
엔딩931
못한932
$2933
_답934
거지935
도로936
발_937
리지938
볼수939
ㅜ$940
$대941
_교942
장에943
화이944
시작945
안하946
이션947
절대948
연_949
물이950
_엉951
_등952
한테953
_호954
왜이955
정이956
이것957
마다958
_질959
들에960
간에961
기만962
_물963
이란964
오랜965
제일966
_믿967
특히968
보세969
_약970
$와971
안나972
의미973
_손974
해요975
치는976
노잼977
화입978
런영979
_즐980
잼_981
날_982
$일983
출_984
만화985
라리986
급_987
무서988
리오989
편_990
마라991
미국992
화도993
포스994
무나995
$미996
운이997
_입998
에요999